<?xml version="1.0" encoding="UTF-8"?>
<!-- Generated by org.testng.reporters.JUnitReportReporter -->
<testsuite hostname="DESKTOP-PO2LC2G" failures="0" tests="1" name="tests.FailedLoginTests" time="17.575" errors="0" timestamp="2022-01-13T21:00:35 CET" skipped="0">
  <testcase classname="tests.FailedLoginTests" name="asUserTryToLogInWithIncorrectLoginAndPassword" time="17.575"/>
  <system-out/>
</testsuite> <!-- tests.FailedLoginTests -->
